[debug] [2024-11-16T16:56:54.338Z] ----------------------------------------------------------------------
[debug] [2024-11-16T16:56:54.342Z] Command:       /Users/jash/.nvm/versions/node/v23.2.0/bin/node /Users/jash/.nvm/versions/node/v23.2.0/bin/firebase init
[debug] [2024-11-16T16:56:54.342Z] CLI Version:   13.25.0
[debug] [2024-11-16T16:56:54.342Z] Platform:      darwin
[debug] [2024-11-16T16:56:54.342Z] Node Version:  v23.2.0
[debug] [2024-11-16T16:56:54.343Z] Time:          Sat Nov 16 2024 22:26:54 GMT+0530 (India Standard Time)
[debug] [2024-11-16T16:56:54.343Z] ----------------------------------------------------------------------
[debug] 
[debug] [2024-11-16T16:56:54.346Z] > command requires scopes: ["email","openid","https://www.googleapis.com/auth/cloudplatformprojects.readonly","https://www.googleapis.com/auth/firebase","https://www.googleapis.com/auth/cloud-platform"]
[debug] [2024-11-16T16:56:54.346Z] > authorizing via signed-in user (electronjash@gmail.com)
[info] 
     ######## #### ########  ######## ########     ###     ######  ########
     ##        ##  ##     ## ##       ##     ##  ##   ##  ##       ##
     ######    ##  ########  ######   ########  #########  ######  ######
     ##        ##  ##    ##  ##       ##     ## ##     ##       ## ##
     ##       #### ##     ## ######## ########  ##     ##  ######  ########

You're about to initialize a Firebase project in this directory:

  /Users/jash/Documents/Jash/VSCodeProjects/VSCodeProjectsLatest/IntellectworksTask1

[info] 
=== Project Setup
[info] 
[info] First, let's associate this project directory with a Firebase project.
[info] You can create multiple project aliases by running firebase use --add, 
[info] but for now we'll just set up a default project.
[info] 
[debug] [2024-11-16T16:57:58.572Z] Checked if tokens are valid: true, expires at: 1731779754733
[debug] [2024-11-16T16:57:58.572Z] Checked if tokens are valid: true, expires at: 1731779754733
[debug] [2024-11-16T16:57:58.574Z] >>> [apiv2][query] GET https://firebase.googleapis.com/v1beta1/projects pageSize=100
[debug] [2024-11-16T16:57:59.664Z] <<< [apiv2][status] GET https://firebase.googleapis.com/v1beta1/projects 200
[debug] [2024-11-16T16:57:59.664Z] <<< [apiv2][body] GET https://firebase.googleapis.com/v1beta1/projects [omitted]
[info] i  Using project intellectworks-task1 (intellectworks-task1) 
[info] 
=== Firestore Setup
[debug] [2024-11-16T16:58:03.595Z] Checked if tokens are valid: true, expires at: 1731779754733
[debug] [2024-11-16T16:58:03.596Z] Checked if tokens are valid: true, expires at: 1731779754733
[debug] [2024-11-16T16:58:03.596Z] >>> [apiv2][query] GET https://serviceusage.googleapis.com/v1/projects/intellectworks-task1/services/firestore.googleapis.com [none]
[debug] [2024-11-16T16:58:03.596Z] >>> [apiv2][(partial)header] GET https://serviceusage.googleapis.com/v1/projects/intellectworks-task1/services/firestore.googleapis.com x-goog-quota-user=projects/intellectworks-task1
[debug] [2024-11-16T16:58:05.559Z] <<< [apiv2][status] GET https://serviceusage.googleapis.com/v1/projects/intellectworks-task1/services/firestore.googleapis.com 200
[debug] [2024-11-16T16:58:05.559Z] <<< [apiv2][body] GET https://serviceusage.googleapis.com/v1/projects/intellectworks-task1/services/firestore.googleapis.com [omitted]
[debug] [2024-11-16T16:58:05.559Z] Checked if tokens are valid: true, expires at: 1731779754733
[debug] [2024-11-16T16:58:05.559Z] Checked if tokens are valid: true, expires at: 1731779754733
[debug] [2024-11-16T16:58:05.559Z] >>> [apiv2][query] GET https://firestore.googleapis.com/v1/projects/intellectworks-task1/databases/(default) [none]
[debug] [2024-11-16T16:58:07.522Z] <<< [apiv2][status] GET https://firestore.googleapis.com/v1/projects/intellectworks-task1/databases/(default) 200
[debug] [2024-11-16T16:58:07.523Z] <<< [apiv2][body] GET https://firestore.googleapis.com/v1/projects/intellectworks-task1/databases/(default) {"name":"projects/intellectworks-task1/databases/(default)","uid":"13673554-a6f4-4402-90b4-2bdb0d730663","createTime":"2024-11-16T16:42:51.483688Z","updateTime":"2024-11-16T16:42:51.483688Z","locationId":"nam5","type":"FIRESTORE_NATIVE","concurrencyMode":"PESSIMISTIC","versionRetentionPeriod":"3600s","earliestVersionTime":"2024-11-16T16:42:51.483688Z","appEngineIntegrationMode":"DISABLED","keyPrefix":"s","pointInTimeRecoveryEnablement":"POINT_IN_TIME_RECOVERY_DISABLED","deleteProtectionState":"DELETE_PROTECTION_DISABLED","etag":"IOilxrOp4YkDMKi05P6l4YkD"}
[debug] [2024-11-16T16:58:07.523Z] database_type: FIRESTORE_NATIVE
[debug] [2024-11-16T16:58:07.523Z] database_type: FIRESTORE_NATIVE
[debug] [2024-11-16T16:58:07.523Z] > command requires scopes: ["email","openid","https://www.googleapis.com/auth/cloudplatformprojects.readonly","https://www.googleapis.com/auth/firebase","https://www.googleapis.com/auth/cloud-platform"]
[debug] [2024-11-16T16:58:07.523Z] > authorizing via signed-in user (electronjash@gmail.com)
[debug] [2024-11-16T16:58:07.524Z] [iam] checking project intellectworks-task1 for permissions ["firebase.projects.get"]
[debug] [2024-11-16T16:58:07.524Z] Checked if tokens are valid: true, expires at: 1731779754733
[debug] [2024-11-16T16:58:07.524Z] Checked if tokens are valid: true, expires at: 1731779754733
[debug] [2024-11-16T16:58:07.524Z] >>> [apiv2][query] POST https://cloudresourcemanager.googleapis.com/v1/projects/intellectworks-task1:testIamPermissions [none]
[debug] [2024-11-16T16:58:07.524Z] >>> [apiv2][(partial)header] POST https://cloudresourcemanager.googleapis.com/v1/projects/intellectworks-task1:testIamPermissions x-goog-quota-user=projects/intellectworks-task1
[debug] [2024-11-16T16:58:07.524Z] >>> [apiv2][body] POST https://cloudresourcemanager.googleapis.com/v1/projects/intellectworks-task1:testIamPermissions {"permissions":["firebase.projects.get"]}
[debug] [2024-11-16T16:58:09.254Z] <<< [apiv2][status] POST https://cloudresourcemanager.googleapis.com/v1/projects/intellectworks-task1:testIamPermissions 200
[debug] [2024-11-16T16:58:09.255Z] <<< [apiv2][body] POST https://cloudresourcemanager.googleapis.com/v1/projects/intellectworks-task1:testIamPermissions {"permissions":["firebase.projects.get"]}
[info] 
[info] Firestore Security Rules allow you to define how and when to allow
[info] requests. You can keep these rules in your project directory
[info] and publish them with firebase deploy.
[info] 
[debug] [2024-11-16T16:58:14.265Z] Checked if tokens are valid: true, expires at: 1731779754733
[debug] [2024-11-16T16:58:14.266Z] Checked if tokens are valid: true, expires at: 1731779754733
[debug] [2024-11-16T16:58:14.266Z] >>> [apiv2][query] GET https://firebaserules.googleapis.com/v1/projects/intellectworks-task1/releases pageSize=10&pageToken=
[debug] [2024-11-16T16:58:15.954Z] <<< [apiv2][status] GET https://firebaserules.googleapis.com/v1/projects/intellectworks-task1/releases 200
[debug] [2024-11-16T16:58:15.954Z] <<< [apiv2][body] GET https://firebaserules.googleapis.com/v1/projects/intellectworks-task1/releases {"releases":[{"name":"projects/intellectworks-task1/releases/cloud.firestore","rulesetName":"projects/intellectworks-task1/rulesets/0b003a35-1c11-4f68-969f-85d6a5636448","createTime":"2024-11-16T16:42:58.633884Z","updateTime":"2024-11-16T16:42:58.633884Z"}]}
[debug] [2024-11-16T16:58:15.954Z] Found ruleset: projects/intellectworks-task1/rulesets/0b003a35-1c11-4f68-969f-85d6a5636448
[debug] [2024-11-16T16:58:15.954Z] Checked if tokens are valid: true, expires at: 1731779754733
[debug] [2024-11-16T16:58:15.954Z] Checked if tokens are valid: true, expires at: 1731779754733
[debug] [2024-11-16T16:58:15.954Z] >>> [apiv2][query] GET https://firebaserules.googleapis.com/v1/projects/intellectworks-task1/rulesets/0b003a35-1c11-4f68-969f-85d6a5636448 [none]
[debug] [2024-11-16T16:58:17.281Z] <<< [apiv2][status] GET https://firebaserules.googleapis.com/v1/projects/intellectworks-task1/rulesets/0b003a35-1c11-4f68-969f-85d6a5636448 200
[debug] [2024-11-16T16:58:17.282Z] <<< [apiv2][body] GET https://firebaserules.googleapis.com/v1/projects/intellectworks-task1/rulesets/0b003a35-1c11-4f68-969f-85d6a5636448 [omitted]
[info] 
[info] Firestore indexes allow you to perform complex queries while
[info] maintaining performance that scales with the size of the result
[info] set. You can keep index definitions in your project directory
[info] and publish them with firebase deploy.
[info] 
[debug] [2024-11-16T16:59:10.536Z] Checked if tokens are valid: true, expires at: 1731779754733
[debug] [2024-11-16T16:59:10.537Z] Checked if tokens are valid: true, expires at: 1731779754733
[debug] [2024-11-16T16:59:10.537Z] Checked if tokens are valid: true, expires at: 1731779754733
[debug] [2024-11-16T16:59:10.537Z] Checked if tokens are valid: true, expires at: 1731779754733
[debug] [2024-11-16T16:59:10.538Z] >>> [apiv2][query] GET https://firestore.googleapis.com/v1/projects/intellectworks-task1/databases/(default)/collectionGroups/-/indexes [none]
[debug] [2024-11-16T16:59:10.542Z] >>> [apiv2][query] GET https://firestore.googleapis.com/v1/projects/intellectworks-task1/databases/(default)/collectionGroups/-/fields?filter=indexConfig.usesAncestorConfig=false OR ttlConfig:* [none]
[debug] [2024-11-16T16:59:12.388Z] <<< [apiv2][status] GET https://firestore.googleapis.com/v1/projects/intellectworks-task1/databases/(default)/collectionGroups/-/indexes 200
[debug] [2024-11-16T16:59:12.388Z] <<< [apiv2][body] GET https://firestore.googleapis.com/v1/projects/intellectworks-task1/databases/(default)/collectionGroups/-/indexes {}
[debug] [2024-11-16T16:59:12.549Z] <<< [apiv2][status] GET https://firestore.googleapis.com/v1/projects/intellectworks-task1/databases/(default)/collectionGroups/-/fields?filter=indexConfig.usesAncestorConfig=false OR ttlConfig:* 200
[debug] [2024-11-16T16:59:12.549Z] <<< [apiv2][body] GET https://firestore.googleapis.com/v1/projects/intellectworks-task1/databases/(default)/collectionGroups/-/fields?filter=indexConfig.usesAncestorConfig=false OR ttlConfig:* {"fields":[{"name":"projects/intellectworks-task1/databases/(default)/collectionGroups/__default__/fields/*","indexConfig":{"indexes":[{"queryScope":"COLLECTION","fields":[{"fieldPath":"*","order":"ASCENDING"}],"state":"READY"},{"queryScope":"COLLECTION","fields":[{"fieldPath":"*","order":"DESCENDING"}],"state":"READY"},{"queryScope":"COLLECTION","fields":[{"fieldPath":"*","arrayConfig":"CONTAINS"}],"state":"READY"}]}}]}
[info] 
=== Functions Setup
[debug] [2024-11-16T16:59:12.552Z] > command requires scopes: ["email","openid","https://www.googleapis.com/auth/cloudplatformprojects.readonly","https://www.googleapis.com/auth/firebase","https://www.googleapis.com/auth/cloud-platform"]
[debug] [2024-11-16T16:59:12.552Z] > authorizing via signed-in user (electronjash@gmail.com)
[debug] [2024-11-16T16:59:12.552Z] [iam] checking project intellectworks-task1 for permissions ["firebase.projects.get"]
[debug] [2024-11-16T16:59:12.553Z] Checked if tokens are valid: true, expires at: 1731779754733
[debug] [2024-11-16T16:59:12.553Z] Checked if tokens are valid: true, expires at: 1731779754733
[debug] [2024-11-16T16:59:12.553Z] >>> [apiv2][query] POST https://cloudresourcemanager.googleapis.com/v1/projects/intellectworks-task1:testIamPermissions [none]
[debug] [2024-11-16T16:59:12.553Z] >>> [apiv2][(partial)header] POST https://cloudresourcemanager.googleapis.com/v1/projects/intellectworks-task1:testIamPermissions x-goog-quota-user=projects/intellectworks-task1
[debug] [2024-11-16T16:59:12.553Z] >>> [apiv2][body] POST https://cloudresourcemanager.googleapis.com/v1/projects/intellectworks-task1:testIamPermissions {"permissions":["firebase.projects.get"]}
[debug] [2024-11-16T16:59:14.042Z] <<< [apiv2][status] POST https://cloudresourcemanager.googleapis.com/v1/projects/intellectworks-task1:testIamPermissions 200
[debug] [2024-11-16T16:59:14.042Z] <<< [apiv2][body] POST https://cloudresourcemanager.googleapis.com/v1/projects/intellectworks-task1:testIamPermissions {"permissions":["firebase.projects.get"]}
[debug] [2024-11-16T16:59:14.043Z] Checked if tokens are valid: true, expires at: 1731779754733
[debug] [2024-11-16T16:59:14.043Z] Checked if tokens are valid: true, expires at: 1731779754733
[debug] [2024-11-16T16:59:14.043Z] Checked if tokens are valid: true, expires at: 1731779754733
[debug] [2024-11-16T16:59:14.044Z] Checked if tokens are valid: true, expires at: 1731779754733
[debug] [2024-11-16T16:59:14.044Z] >>> [apiv2][query] GET https://serviceusage.googleapis.com/v1/projects/intellectworks-task1/services/cloudfunctions.googleapis.com [none]
[debug] [2024-11-16T16:59:14.044Z] >>> [apiv2][(partial)header] GET https://serviceusage.googleapis.com/v1/projects/intellectworks-task1/services/cloudfunctions.googleapis.com x-goog-quota-user=projects/intellectworks-task1
[debug] [2024-11-16T16:59:14.048Z] >>> [apiv2][query] GET https://serviceusage.googleapis.com/v1/projects/intellectworks-task1/services/runtimeconfig.googleapis.com [none]
[debug] [2024-11-16T16:59:14.048Z] >>> [apiv2][(partial)header] GET https://serviceusage.googleapis.com/v1/projects/intellectworks-task1/services/runtimeconfig.googleapis.com x-goog-quota-user=projects/intellectworks-task1
[debug] [2024-11-16T16:59:15.857Z] <<< [apiv2][status] GET https://serviceusage.googleapis.com/v1/projects/intellectworks-task1/services/runtimeconfig.googleapis.com 200
[debug] [2024-11-16T16:59:15.857Z] <<< [apiv2][body] GET https://serviceusage.googleapis.com/v1/projects/intellectworks-task1/services/runtimeconfig.googleapis.com [omitted]
[debug] [2024-11-16T16:59:15.864Z] <<< [apiv2][status] GET https://serviceusage.googleapis.com/v1/projects/intellectworks-task1/services/cloudfunctions.googleapis.com 200
[debug] [2024-11-16T16:59:15.864Z] <<< [apiv2][body] GET https://serviceusage.googleapis.com/v1/projects/intellectworks-task1/services/cloudfunctions.googleapis.com [omitted]
[debug] [2024-11-16T16:59:15.865Z] Checked if tokens are valid: true, expires at: 1731779754733
[debug] [2024-11-16T16:59:15.865Z] Checked if tokens are valid: true, expires at: 1731779754733
[debug] [2024-11-16T16:59:15.865Z] >>> [apiv2][query] POST https://serviceusage.googleapis.com/v1/projects/intellectworks-task1/services/cloudfunctions.googleapis.com:enable [none]
[debug] [2024-11-16T16:59:15.865Z] >>> [apiv2][(partial)header] POST https://serviceusage.googleapis.com/v1/projects/intellectworks-task1/services/cloudfunctions.googleapis.com:enable x-goog-quota-user=projects/intellectworks-task1
[debug] [2024-11-16T16:59:16.406Z] <<< [apiv2][status] POST https://serviceusage.googleapis.com/v1/projects/intellectworks-task1/services/cloudfunctions.googleapis.com:enable 200
[debug] [2024-11-16T16:59:16.407Z] <<< [apiv2][body] POST https://serviceusage.googleapis.com/v1/projects/intellectworks-task1/services/cloudfunctions.googleapis.com:enable [omitted]
[debug] [2024-11-16T16:59:26.409Z] Checked if tokens are valid: true, expires at: 1731779754733
[debug] [2024-11-16T16:59:26.410Z] Checked if tokens are valid: true, expires at: 1731779754733
[debug] [2024-11-16T16:59:26.410Z] >>> [apiv2][query] GET https://serviceusage.googleapis.com/v1/projects/intellectworks-task1/services/cloudfunctions.googleapis.com [none]
[debug] [2024-11-16T16:59:26.410Z] >>> [apiv2][(partial)header] GET https://serviceusage.googleapis.com/v1/projects/intellectworks-task1/services/cloudfunctions.googleapis.com x-goog-quota-user=projects/intellectworks-task1
[debug] [2024-11-16T16:59:28.213Z] <<< [apiv2][status] GET https://serviceusage.googleapis.com/v1/projects/intellectworks-task1/services/cloudfunctions.googleapis.com 200
[debug] [2024-11-16T16:59:28.213Z] <<< [apiv2][body] GET https://serviceusage.googleapis.com/v1/projects/intellectworks-task1/services/cloudfunctions.googleapis.com [omitted]
[info] Let's create a new codebase for your functions.
[info] A directory corresponding to the codebase will be created in your project
[info] with sample code pre-configured.

[info] See https://firebase.google.com/docs/functions/organize-functions for
[info] more information on organizing your functions using codebases.

[info] Functions can be deployed with firebase deploy.

[info] ✔  Wrote functions/package.json 
[info] ✔  Wrote functions/.eslintrc.js 
[info] ✔  Wrote functions/tsconfig.json 
[info] ✔  Wrote functions/tsconfig.dev.json 
[info] ✔  Wrote functions/src/index.ts 
[info] ✔  Wrote functions/.gitignore 
[info] 
=== Hosting Setup
[debug] [2024-11-16T17:00:48.178Z] Checked if tokens are valid: true, expires at: 1731779754733
[debug] [2024-11-16T17:00:48.179Z] Checked if tokens are valid: true, expires at: 1731779754733
[debug] [2024-11-16T17:00:48.179Z] >>> [apiv2][query] GET https://firebase.googleapis.com/v1beta1/projects/intellectworks-task1 [none]
[debug] [2024-11-16T17:00:48.750Z] <<< [apiv2][status] GET https://firebase.googleapis.com/v1beta1/projects/intellectworks-task1 200
[debug] [2024-11-16T17:00:48.750Z] <<< [apiv2][body] GET https://firebase.googleapis.com/v1beta1/projects/intellectworks-task1 {"projectId":"intellectworks-task1","projectNumber":"1078806505739","displayName":"intellectworks-task1","name":"projects/intellectworks-task1","resources":{"hostingSite":"intellectworks-task1"},"state":"ACTIVE","etag":"1_0148cc8a-4af9-416e-813e-10986b1367e7"}
[info] 
[info] Your public directory is the folder (relative to your project directory) that
[info] will contain Hosting assets to be uploaded with firebase deploy. If you
[info] have a build process for your assets, use your build's output directory.
[info] 
[debug] [2024-11-16T17:01:26.211Z] >>> [apiv2][query] GET https://www.gstatic.com/firebasejs/releases.json [none]
[debug] [2024-11-16T17:01:26.374Z] <<< [apiv2][status] GET https://www.gstatic.com/firebasejs/releases.json 200
[debug] [2024-11-16T17:01:26.374Z] <<< [apiv2][body] GET https://www.gstatic.com/firebasejs/releases.json {"current":{"version":"11.0.2","browserURL":"https://www.gstatic.com/firebasejs/11.0.2/firebase.js","packageURL":"https://www.gstatic.com/firebasejs/11.0.2/firebase.tgz"},"live":{"version":"11.0","browserURL":"https://www.gstatic.com/firebasejs/live/11.0/firebase.js","packageURL":"https://www.gstatic.com/firebasejs/live/11.0/firebase.tgz"},"components":{"analytics":"https://www.gstatic.com/firebasejs/11.0.2/firebase-analytics.js","app":"https://www.gstatic.com/firebasejs/11.0.2/firebase-app.js","app-check":"https://www.gstatic.com/firebasejs/11.0.2/firebase-app-check.js","auth":"https://www.gstatic.com/firebasejs/11.0.2/firebase-auth.js","auth/cordova":"https://www.gstatic.com/firebasejs/11.0.2/firebase-auth/cordova.js","auth/web-extension":"https://www.gstatic.com/firebasejs/11.0.2/firebase-auth/web-extension.js","functions":"https://www.gstatic.com/firebasejs/11.0.2/firebase-functions.js","firestore":"https://www.gstatic.com/firebasejs/11.0.2/firebase-firestore.js","firestore/lite":"https://www.gstatic.com/firebasejs/11.0.2/firebase-firestore/lite.js","installations":"https://www.gstatic.com/firebasejs/11.0.2/firebase-installations.js","storage":"https://www.gstatic.com/firebasejs/11.0.2/firebase-storage.js","performance":"https://www.gstatic.com/firebasejs/11.0.2/firebase-performance.js","remote-config":"https://www.gstatic.com/firebasejs/11.0.2/firebase-remote-config.js","messaging":"https://www.gstatic.com/firebasejs/11.0.2/firebase-messaging.js","messaging/sw":"https://www.gstatic.com/firebasejs/11.0.2/firebase-messaging/sw.js","database":"https://www.gstatic.com/firebasejs/11.0.2/firebase-database.js","vertexai":"https://www.gstatic.com/firebasejs/11.0.2/firebase-vertexai.js","data-connect":"https://www.gstatic.com/firebasejs/11.0.2/firebase-data-connect.js","firestore.memory":"https://www.gstatic.com/firebasejs/11.0.2/firebase-firestore.memory.js"}}
[info] ✔  Wrote public/index.html 
[info] 
[info] i  Didn't detect a .git folder. Assuming /Users/jash/Documents/Jash/VSCodeProjects/VSCodeProjectsLatest/IntellectworksTask1 is the project root. 
[info] i  Authorizing with GitHub to upload your service account to a GitHub repository's secrets store. 
[info] 
[info] Visit this URL on this device to log in:
[info] https://github.com/login/oauth/authorize?client_id=89cf50f02ac6aaed3484&state=952458456&redirect_uri=http%3A%2F%2Flocalhost%3A9005&scope=read%3Auser%20repo%20public_repo
[info] 
[info] Waiting for authentication...
[debug] [2024-11-16T17:01:47.274Z] >>> [apiv2][query] POST https://github.com/login/oauth/access_token [none]
[debug] [2024-11-16T17:01:47.275Z] >>> [apiv2][body] POST https://github.com/login/oauth/access_token [stream]
[debug] [2024-11-16T17:01:47.665Z] <<< [apiv2][status] POST https://github.com/login/oauth/access_token 200
[debug] [2024-11-16T17:01:47.665Z] <<< [apiv2][body] POST https://github.com/login/oauth/access_token {"access_token":"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","token_type":"bearer","scope":"read:user,repo"}
[debug] [2024-11-16T17:01:47.670Z] >>> [apiv2][query] GET https://api.github.com/user [none]
[debug] [2024-11-16T17:01:48.103Z] <<< [apiv2][status] GET https://api.github.com/user 200
[debug] [2024-11-16T17:01:48.104Z] <<< [apiv2][body] GET https://api.github.com/user {"login":"JashRashne","id":66776648,"node_id":"MDQ6VXNlcjY2Nzc2NjQ4","avatar_url":"https://avatars.githubusercontent.com/u/66776648?v=4","gravatar_id":"","url":"https://api.github.com/users/JashRashne","html_url":"https://github.com/JashRashne","followers_url":"https://api.github.com/users/JashRashne/followers","following_url":"https://api.github.com/users/JashRashne/following{/other_user}","gists_url":"https://api.github.com/users/JashRashne/gists{/gist_id}","starred_url":"https://api.github.com/users/JashRashne/starred{/owner}{/repo}","subscriptions_url":"https://api.github.com/users/JashRashne/subscriptions","organizations_url":"https://api.github.com/users/JashRashne/orgs","repos_url":"https://api.github.com/users/JashRashne/repos","events_url":"https://api.github.com/users/JashRashne/events{/privacy}","received_events_url":"https://api.github.com/users/JashRashne/received_events","type":"User","user_view_type":"private","site_admin":false,"name":"Jash","company":null,"blog":"","location":null,"email":null,"hireable":null,"bio":null,"twitter_username":null,"notification_email":null,"public_repos":9,"public_gists":0,"followers":12,"following":4,"created_at":"2020-06-11T09:38:04Z","updated_at":"2024-10-22T07:22:24Z","private_gists":0,"total_private_repos":11,"owned_private_repos":11,"disk_usage":354420,"collaborators":5,"two_factor_authentication":false,"plan":{"name":"free","space":976562499,"collaborators":0,"private_repos":10000}}
[info] 
[info] ✔  Success! Logged into GitHub as JashRashne 
[info] 
[debug] [2024-11-16T17:02:23.933Z] >>> [apiv2][query] GET https://api.github.com/repos//actions/secrets/public-key type=owner
[debug] [2024-11-16T17:02:24.298Z] <<< [apiv2][status] GET https://api.github.com/repos//actions/secrets/public-key 404
[debug] [2024-11-16T17:02:24.299Z] <<< [apiv2][body] GET https://api.github.com/repos//actions/secrets/public-key {"message":"Not Found","documentation_url":"https://docs.github.com/rest","status":"404"}
[info] 
[info] 
[error] ⚠  The provided authorization cannot be used with this repository. If this repository is in an organization, did you remember to grant access? 
[info] 
[info] i  Action required: Visit this URL to ensure access has been granted to the appropriate organization(s) for the Firebase CLI GitHub OAuth App: 
[info] https://github.com/settings/connections/applications/89cf50f02ac6aaed3484
[info] 
[debug] [2024-11-16T17:02:27.856Z] >>> [apiv2][query] GET https://api.github.com/repos//actions/secrets/public-key type=owner
[debug] [2024-11-16T17:02:28.160Z] <<< [apiv2][status] GET https://api.github.com/repos//actions/secrets/public-key 404
[debug] [2024-11-16T17:02:28.160Z] <<< [apiv2][body] GET https://api.github.com/repos//actions/secrets/public-key {"message":"Not Found","documentation_url":"https://docs.github.com/rest","status":"404"}
[info] 
[info] 
[error] ⚠  The provided authorization cannot be used with this repository. If this repository is in an organization, did you remember to grant access? 
[info] 
[info] i  Action required: Visit this URL to ensure access has been granted to the appropriate organization(s) for the Firebase CLI GitHub OAuth App: 
[info] https://github.com/settings/connections/applications/89cf50f02ac6aaed3484
[info] 
[debug] [2024-11-16T17:03:06.701Z] >>> [apiv2][query] GET https://api.github.com/repos/intellectworks-task1/actions/secrets/public-key type=owner
[debug] [2024-11-16T17:03:07.041Z] <<< [apiv2][status] GET https://api.github.com/repos/intellectworks-task1/actions/secrets/public-key 404
[debug] [2024-11-16T17:03:07.041Z] <<< [apiv2][body] GET https://api.github.com/repos/intellectworks-task1/actions/secrets/public-key {"message":"Not Found","documentation_url":"https://docs.github.com/rest","status":"404"}
[info] 
[info] 
[error] ⚠  The provided authorization cannot be used with this repository. If this repository is in an organization, did you remember to grant access? 
[info] 
[info] i  Action required: Visit this URL to ensure access has been granted to the appropriate organization(s) for the Firebase CLI GitHub OAuth App: 
[info] https://github.com/settings/connections/applications/89cf50f02ac6aaed3484
[info] 
